MESSAGE: Execution of "./build_llvm_project.sh" failed

STDOUT:
[1946/2914] Building CXX object tools/clang/lib/Basic/CMakeFiles/obj.clangBasic.dir/Targets/TCE.cpp.o
[1947/2914] Building CXX object tools/clang/lib/Basic/CMakeFiles/obj.clangBasic.dir/Targets/SystemZ.cpp.o
[1948/2914] Building CXX object tools/clang/lib/Basic/CMakeFiles/obj.clangBasic.dir/Targets/VE.cpp.o
[1949/2914] Building CXX object tools/clang/lib/Basic/CMakeFiles/obj.clangBasic.dir/Targets/WebAssembly.cpp.o
[1950/2914] Building CXX object tools/clang/lib/Basic/CMakeFiles/obj.clangBasic.dir/TypeTraits.cpp.o
[1951/2914] Building CXX object tools/clang/lib/Basic/CMakeFiles/obj.clangBasic.dir/Targets/X86.cpp.o
[1952/2914] Building CXX object tools/clang/lib/Basic/CMakeFiles/obj.clangBasic.dir/TokenKinds.cpp.o
[1953/2914] Building CXX object tools/clang/lib/Basic/CMakeFiles/obj.clangBasic.dir/Targets/XCore.cpp.o
[1954/2914] Building CXX object tools/clang/lib/Basic/CMakeFiles/obj.clangBasic.dir/Version.cpp.o
[1955/2914] Building CXX object tools/clang/lib/Basic/CMakeFiles/obj.clangBasic.dir/XRayInstr.cpp.o
[1956/2914] Building CXX object tools/clang/lib/Basic/CMakeFiles/obj.clangBasic.dir/XRayLists.cpp.o
[1957/2914] Building CXX object tools/clang/lib/APINotes/CMakeFiles/obj.clangAPINotes.dir/APINotesTypes.cpp.o
[1958/2914] Building CXX object tools/clang/lib/APINotes/CMakeFiles/obj.clangAPINotes.dir/APINotesYAMLCompiler.cpp.o
[1959/2914] Building CXX object tools/clang/lib/Lex/CMakeFiles/obj.clangLex.dir/DependencyDirectivesSourceMinimizer.cpp.o
[1960/2914] Building CXX object tools/clang/lib/Lex/CMakeFiles/obj.clangLex.dir/HeaderMap.cpp.o
[1961/2914] Building CXX object tools/clang/lib/Basic/CMakeFiles/obj.clangBasic.dir/Warnings.cpp.o
[1962/2914] Building CXX object tools/clang/lib/Basic/CMakeFiles/obj.clangBasic.dir/DiagnosticIDs.cpp.o
[1963/2914] Building CXX object tools/clang/lib/Lex/CMakeFiles/obj.clangLex.dir/Lexer.cpp.o
[1964/2914] Building CXX object tools/clang/lib/Lex/CMakeFiles/obj.clangLex.dir/HeaderSearch.cpp.o
[1965/2914] Building CXX object tools/clang/lib/Lex/CMakeFiles/obj.clangLex.dir/LiteralSupport.cpp.o
[1966/2914] Building CXX object tools/clang/lib/Lex/CMakeFiles/obj.clangLex.dir/ModuleMap.cpp.o
[1967/2914] Building CXX object tools/clang/lib/Lex/CMakeFiles/obj.clangLex.dir/PPCallbacks.cpp.o
[1968/2914] Building CXX object tools/clang/lib/Lex/CMakeFiles/obj.clangLex.dir/PPConditionalDirectiveRecord.cpp.o
[1969/2914] Linking CXX static library lib/libclangBasic.a
[1970/2914] Linking CXX static library lib/libclangAPINotes.a
[1971/2914] Building CXX object tools/clang/lib/Lex/CMakeFiles/obj.clangLex.dir/MacroArgs.cpp.o
[1972/2914] Building CXX object tools/clang/lib/Lex/CMakeFiles/obj.clangLex.dir/MacroInfo.cpp.o
[1973/2914] Building CXX object tools/clang/lib/Lex/CMakeFiles/obj.clangLex.dir/PPCaching.cpp.o
[1974/2914] Building CXX object lib/Passes/CMakeFiles/LLVMPasses.dir/PassBuilderBindings.cpp.o
FAILED: lib/Passes/CMakeFiles/LLVMPasses.dir/PassBuilderBindings.cpp.o 
CCACHE_CPP2=yes CCACHE_HASHDIR=yes /usr/bin/ccache /usr/bin/c++  -DGTEST_HAS_RTTI=0 -D_GNU_SOURCE -D__STDC_CONSTANT_MACROS -D__STDC_FORMAT_MACROS -D__STDC_LIMIT_MACROS -Ilib/Passes -I/root/llvm-compile-time-tracker/llvm-project/llvm/lib/Passes -Iinclude -I/root/llvm-compile-time-tracker/llvm-project/llvm/include -fPIC -fvisibility-inlines-hidden -Werror=date-time -Wall -Wextra -Wno-unused-parameter -Wwrite-strings -Wcast-qual -Wno-missing-field-initializers -pedantic -Wno-long-long -Wimplicit-fallthrough -Wno-maybe-uninitialized -Wno-class-memaccess -Wno-redundant-move -Wno-pessimizing-move -Wno-noexcept-type -Wdelete-non-virtual-dtor -Wsuggest-override -Wno-comment -Wmisleading-indentation -fdiagnostics-color -ffunction-sections -fdata-sections -O3 -DNDEBUG    -fno-exceptions -fno-rtti -std=c++14 -MD -MT lib/Passes/CMakeFiles/LLVMPasses.dir/PassBuilderBindings.cpp.o -MF lib/Passes/CMakeFiles/LLVMPasses.dir/PassBuilderBindings.cpp.o.d -o lib/Passes/CMakeFiles/LLVMPasses.dir/PassBuilderBindings.cpp.o -c /root/llvm-compile-time-tracker/llvm-project/llvm/lib/Passes/PassBuilderBindings.cpp
/root/llvm-compile-time-tracker/llvm-project/llvm/lib/Passes/PassBuilderBindings.cpp: In function ‘LLVMOpaqueError* LLVMRunPasses(LLVMModuleRef, const char*, LLVMTargetMachineRef, LLVMPassBuilderOptionsRef)’:
/root/llvm-compile-time-tracker/llvm-project/llvm/lib/Passes/PassBuilderBindings.cpp:56:59: error: no matching function for call to ‘llvm::PassBuilder::PassBuilder(bool&, llvm::TargetMachine*&, llvm::PipelineTuningOptions&, const llvm::NoneType&, llvm::PassInstrumentationCallbacks*)’
   56 |   PassBuilder PB(Debug, Machine, PassOpts->PTO, None, &PIC);
      |                                                           ^
In file included from /root/llvm-compile-time-tracker/llvm-project/llvm/lib/Passes/PassBuilderBindings.cpp:16:
/root/llvm-compile-time-tracker/llvm-project/llvm/include/llvm/Passes/PassBuilder.h:269:12: note: candidate: ‘llvm::PassBuilder::PassBuilder(llvm::TargetMachine*, llvm::PipelineTuningOptions, llvm::Optional<llvm::PGOOptions>, llvm::PassInstrumentationCallbacks*)’
  269 |   explicit PassBuilder(TargetMachine *TM = nullptr,
      |            ^~~~~~~~~~~
/root/llvm-compile-time-tracker/llvm-project/llvm/include/llvm/Passes/PassBuilder.h:269:12: note:   candidate expects 4 arguments, 5 provided
/root/llvm-compile-time-tracker/llvm-project/llvm/include/llvm/Passes/PassBuilder.h:139:7: note: candidate: ‘llvm::PassBuilder::PassBuilder(const llvm::PassBuilder&)’
  139 | class PassBuilder {
      |       ^~~~~~~~~~~
/root/llvm-compile-time-tracker/llvm-project/llvm/include/llvm/Passes/PassBuilder.h:139:7: note:   candidate expects 1 argument, 5 provided
/root/llvm-compile-time-tracker/llvm-project/llvm/include/llvm/Passes/PassBuilder.h:139:7: note: candidate: ‘llvm::PassBuilder::PassBuilder(llvm::PassBuilder&&)’
/root/llvm-compile-time-tracker/llvm-project/llvm/include/llvm/Passes/PassBuilder.h:139:7: note:   candidate expects 1 argument, 5 provided
/root/llvm-compile-time-tracker/llvm-project/llvm/lib/Passes/PassBuilderBindings.cpp:58:32: error: no matching function for call to ‘llvm::AnalysisManager<llvm::Loop, llvm::LoopStandardAnalysisResults&>::AnalysisManager(bool&)’
   58 |   LoopAnalysisManager LAM(Debug);
      |                                ^
In file included from /root/llvm-compile-time-tracker/llvm-project/llvm/include/llvm/IR/Verifier.h:24,
                 from /root/llvm-compile-time-tracker/llvm-project/llvm/lib/Passes/PassBuilderBindings.cpp:15:
/root/llvm-compile-time-tracker/llvm-project/llvm/include/llvm/IR/PassManager.h:736:3: note: candidate: ‘llvm::AnalysisManager<IRUnitT, ExtraArgTs>::AnalysisManager(llvm::AnalysisManager<IRUnitT, ExtraArgTs>&&) [with IRUnitT = llvm::Loop; ExtraArgTs = {llvm::LoopStandardAnalysisResults&}]’
  736 |   AnalysisManager(AnalysisManager &&);
      |   ^~~~~~~~~~~~~~~
/root/llvm-compile-time-tracker/llvm-project/llvm/include/llvm/IR/PassManager.h:736:19: note:   no known conversion for argument 1 from ‘bool’ to ‘llvm::AnalysisManager<llvm::Loop, llvm::LoopStandardAnalysisResults&>&&’
  736 |   AnalysisManager(AnalysisManager &&);
      |                   ^~~~~~~~~~~~~~~~~~
/root/llvm-compile-time-tracker/llvm-project/llvm/include/llvm/IR/PassManager.h:735:3: note: candidate: ‘llvm::AnalysisManager<IRUnitT, ExtraArgTs>::AnalysisManager() [with IRUnitT = llvm::Loop; ExtraArgTs = {llvm::LoopStandardAnalysisResults&}]’
  735 |   AnalysisManager();
      |   ^~~~~~~~~~~~~~~
/root/llvm-compile-time-tracker/llvm-project/llvm/include/llvm/IR/PassManager.h:735:3: note:   candidate expects 0 arguments, 1 provided
/root/llvm-compile-time-tracker/llvm-project/llvm/lib/Passes/PassBuilderBindings.cpp:59:36: error: no matching function for call to ‘llvm::AnalysisManager<llvm::Function>::AnalysisManager(bool&)’
   59 |   FunctionAnalysisManager FAM(Debug);
      |                                    ^
In file included from /root/llvm-compile-time-tracker/llvm-project/llvm/include/llvm/IR/Verifier.h:24,
                 from /root/llvm-compile-time-tracker/llvm-project/llvm/lib/Passes/PassBuilderBindings.cpp:15:
/root/llvm-compile-time-tracker/llvm-project/llvm/include/llvm/IR/PassManager.h:736:3: note: candidate: ‘llvm::AnalysisManager<IRUnitT, ExtraArgTs>::AnalysisManager(llvm::AnalysisManager<IRUnitT, ExtraArgTs>&&) [with IRUnitT = llvm::Function; ExtraArgTs = {}]’
  736 |   AnalysisManager(AnalysisManager &&);
      |   ^~~~~~~~~~~~~~~
/root/llvm-compile-time-tracker/llvm-project/llvm/include/llvm/IR/PassManager.h:736:19: note:   no known conversion for argument 1 from ‘bool’ to ‘llvm::AnalysisManager<llvm::Function>&&’
  736 |   AnalysisManager(AnalysisManager &&);
      |                   ^~~~~~~~~~~~~~~~~~
/root/llvm-compile-time-tracker/llvm-project/llvm/include/llvm/IR/PassManager.h:735:3: note: candidate: ‘llvm::AnalysisManager<IRUnitT, ExtraArgTs>::AnalysisManager() [with IRUnitT = llvm::Function; ExtraArgTs = {}]’
  735 |   AnalysisManager();
      |   ^~~~~~~~~~~~~~~
/root/llvm-compile-time-tracker/llvm-project/llvm/include/llvm/IR/PassManager.h:735:3: note:   candidate expects 0 arguments, 1 provided
/root/llvm-compile-time-tracker/llvm-project/llvm/lib/Passes/PassBuilderBindings.cpp:60:34: error: no matching function for call to ‘llvm::AnalysisManager<llvm::LazyCallGraph::SCC, llvm::LazyCallGraph&>::AnalysisManager(bool&)’
   60 |   CGSCCAnalysisManager CGAM(Debug);
      |                                  ^
In file included from /root/llvm-compile-time-tracker/llvm-project/llvm/include/llvm/IR/Verifier.h:24,
                 from /root/llvm-compile-time-tracker/llvm-project/llvm/lib/Passes/PassBuilderBindings.cpp:15:
/root/llvm-compile-time-tracker/llvm-project/llvm/include/llvm/IR/PassManager.h:736:3: note: candidate: ‘llvm::AnalysisManager<IRUnitT, ExtraArgTs>::AnalysisManager(llvm::AnalysisManager<IRUnitT, ExtraArgTs>&&) [with IRUnitT = llvm::LazyCallGraph::SCC; ExtraArgTs = {llvm::LazyCallGraph&}]’
  736 |   AnalysisManager(AnalysisManager &&);
      |   ^~~~~~~~~~~~~~~
/root/llvm-compile-time-tracker/llvm-project/llvm/include/llvm/IR/PassManager.h:736:19: note:   no known conversion for argument 1 from ‘bool’ to ‘llvm::AnalysisManager<llvm::LazyCallGraph::SCC, llvm::LazyCallGraph&>&&’
  736 |   AnalysisManager(AnalysisManager &&);
      |                   ^~~~~~~~~~~~~~~~~~
/root/llvm-compile-time-tracker/llvm-project/llvm/include/llvm/IR/PassManager.h:735:3: note: candidate: ‘llvm::AnalysisManager<IRUnitT, ExtraArgTs>::AnalysisManager() [with IRUnitT = llvm::LazyCallGraph::SCC; ExtraArgTs = {llvm::LazyCallGraph&}]’
  735 |   AnalysisManager();
      |   ^~~~~~~~~~~~~~~
/root/llvm-compile-time-tracker/llvm-project/llvm/include/llvm/IR/PassManager.h:735:3: note:   candidate expects 0 arguments, 1 provided
/root/llvm-compile-time-tracker/llvm-project/llvm/lib/Passes/PassBuilderBindings.cpp:61:34: error: no matching function for call to ‘llvm::AnalysisManager<llvm::Module>::AnalysisManager(bool&)’
   61 |   ModuleAnalysisManager MAM(Debug);
      |                                  ^
In file included from /root/llvm-compile-time-tracker/llvm-project/llvm/include/llvm/IR/Verifier.h:24,
                 from /root/llvm-compile-time-tracker/llvm-project/llvm/lib/Passes/PassBuilderBindings.cpp:15:
/root/llvm-compile-time-tracker/llvm-project/llvm/include/llvm/IR/PassManager.h:736:3: note: candidate: ‘llvm::AnalysisManager<IRUnitT, ExtraArgTs>::AnalysisManager(llvm::AnalysisManager<IRUnitT, ExtraArgTs>&&) [with IRUnitT = llvm::Module; ExtraArgTs = {}]’
  736 |   AnalysisManager(AnalysisManager &&);
      |   ^~~~~~~~~~~~~~~
/root/llvm-compile-time-tracker/llvm-project/llvm/include/llvm/IR/PassManager.h:736:19: note:   no known conversion for argument 1 from ‘bool’ to ‘llvm::AnalysisManager<llvm::Module>&&’
  736 |   AnalysisManager(AnalysisManager &&);
      |                   ^~~~~~~~~~~~~~~~~~
/root/llvm-compile-time-tracker/llvm-project/llvm/include/llvm/IR/PassManager.h:735:3: note: candidate: ‘llvm::AnalysisManager<IRUnitT, ExtraArgTs>::AnalysisManager() [with IRUnitT = llvm::Module; ExtraArgTs = {}]’
  735 |   AnalysisManager();
      |   ^~~~~~~~~~~~~~~
/root/llvm-compile-time-tracker/llvm-project/llvm/include/llvm/IR/PassManager.h:735:3: note:   candidate expects 0 arguments, 1 provided
/root/llvm-compile-time-tracker/llvm-project/llvm/lib/Passes/PassBuilderBindings.cpp:70:30: error: no matching function for call to ‘llvm::PassManager<llvm::Module>::PassManager(bool&)’
   70 |   ModulePassManager MPM(Debug);
      |                              ^
In file included from /root/llvm-compile-time-tracker/llvm-project/llvm/include/llvm/IR/Verifier.h:24,
                 from /root/llvm-compile-time-tracker/llvm-project/llvm/lib/Passes/PassBuilderBindings.cpp:15:
/root/llvm-compile-time-tracker/llvm-project/llvm/include/llvm/IR/PassManager.h:476:3: note: candidate: ‘llvm::PassManager<IRUnitT, AnalysisManagerT, ExtraArgTs>::PassManager(llvm::PassManager<IRUnitT, AnalysisManagerT, ExtraArgTs>&&) [with IRUnitT = llvm::Module; AnalysisManagerT = llvm::AnalysisManager<llvm::Module>; ExtraArgTs = {}]’
  476 |   PassManager(PassManager &&Arg) : Passes(std::move(Arg.Passes)) {}
      |   ^~~~~~~~~~~
/root/llvm-compile-time-tracker/llvm-project/llvm/include/llvm/IR/PassManager.h:476:29: note:   no known conversion for argument 1 from ‘bool’ to ‘llvm::PassManager<llvm::Module>&&’
  476 |   PassManager(PassManager &&Arg) : Passes(std::move(Arg.Passes)) {}
      |               ~~~~~~~~~~~~~~^~~
/root/llvm-compile-time-tracker/llvm-project/llvm/include/llvm/IR/PassManager.h:470:12: note: candidate: ‘llvm::PassManager<IRUnitT, AnalysisManagerT, ExtraArgTs>::PassManager() [with IRUnitT = llvm::Module; AnalysisManagerT = llvm::AnalysisManager<llvm::Module>; ExtraArgTs = {}]’
  470 |   explicit PassManager() {}
      |            ^~~~~~~~~~~
/root/llvm-compile-time-tracker/llvm-project/llvm/include/llvm/IR/PassManager.h:470:12: note:   candidate expects 0 arguments, 1 provided
[1975/2914] Building CXX object tools/clang/lib/Lex/CMakeFiles/obj.clangLex.dir/PPDirectives.cpp.o
[1976/2914] Building CXX object tools/clang/lib/Lex/CMakeFiles/obj.clangLex.dir/PPExpressions.cpp.o
[1977/2914] Building CXX object tools/clang/lib/Lex/CMakeFiles/obj.clangLex.dir/PPLexerChange.cpp.o
[1978/2914] Building CXX object tools/clang/lib/Lex/CMakeFiles/obj.clangLex.dir/PPMacroExpansion.cpp.o
[1979/2914] Building CXX object tools/clang/lib/Lex/CMakeFiles/obj.clangLex.dir/Pragma.cpp.o
ninja: build stopped: subcommand failed.


STDERR:
-- Version: 0.0.0
-- Performing Test HAVE_GNU_POSIX_REGEX
-- Performing Test HAVE_GNU_POSIX_REGEX
-- Performing Test HAVE_GNU_POSIX_REGEX -- failed to compile
-- Performing Test HAVE_POSIX_REGEX
-- Performing Test HAVE_POSIX_REGEX
-- Performing Test HAVE_POSIX_REGEX -- success
-- Performing Test HAVE_STEADY_CLOCK
-- Performing Test HAVE_STEADY_CLOCK
-- Performing Test HAVE_STEADY_CLOCK -- success
Command exited with non-zero status 1
51.17user 6.88system 0:10.06elapsed 576%CPU (0avgtext+0avgdata 418608maxresident)k
0inputs+1252072outputs (46major+2471603minor)pagefaults 0swaps
